<html>
<head>
<title>TestNG:  Test</title>
<link href="../testng.css" rel="stylesheet" type="text/css" />
<link href="../my-testng.css" rel="stylesheet" type="text/css" />

<style type="text/css">
.log { display: none;} 
.stack-trace { display: none;} 
</style>
<script type="text/javascript">
<!--
function flip(e) {
  current = e.style.display;
  if (current == 'block') {
    e.style.display = 'none';
    return 0;
  }
  else {
    e.style.display = 'block';
    return 1;
  }
}

function toggleBox(szDivId, elem, msg1, msg2)
{
  var res = -1;  if (document.getElementById) {
    res = flip(document.getElementById(szDivId));
  }
  else if (document.all) {
    // this is the way old msie versions work
    res = flip(document.all[szDivId]);
  }
  if(elem) {
    if(res == 0) elem.innerHTML = msg1; else elem.innerHTML = msg2;
  }

}

function toggleAllBoxes() {
  if (document.getElementsByTagName) {
    d = document.getElementsByTagName('div');
    for (i = 0; i < d.length; i++) {
      if (d[i].className == 'log') {
        flip(d[i]);
      }
    }
  }
}

// -->
</script>

</head>
<body>
<h2 align='center'>Test</h2><table border='1' align="center">
<tr>
<td>Tests passed/Failed/Skipped:</td><td>23/2/1</td>
</tr><tr>
<td>Started on:</td><td>Mon Jun 01 19:09:31 IST 2020</td>
</tr>
<tr><td>Total time:</td><td>2 seconds (2509 ms)</td>
</tr><tr>
<td>Included groups:</td><td></td>
</tr><tr>
<td>Excluded groups:</td><td></td>
</tr>
</table><p/>
<small><i>(Hover the method name to see the test class name)</i></small><p/>
<table width='100%' border='1' class='invocation-failed'>
<tr><td colspan='4' align='center'><b>FAILED TESTS</b></td></tr>
<tr><td><b>Test method</b></td>
<td width="30%"><b>Exception</b></td>
<td width="10%"><b>Time (seconds)</b></td>
<td><b>Instance</b></td>
</tr>
<tr>
<td title='testNG2.TestNGPriority.Navigating()'><b>Navigating</b><br>Test class: testNG2.TestNGPriority</td>
<td><div><pre>java.lang.AssertionError: expected [chethan1] but found [chethan]
	at testNG2.TestNGPriority.Navigating(TestNGPriority.java:27)
	at java.base/java.util.ArrayList.forEach(ArrayList.java:1507)
... Removed 32 stack frames</pre></div><a href='#' onClick='toggleBox("stack-trace423733503", this, "Click to show all stack frames", "Click to hide stack frames")'>Click to show all stack frames</a>
<div class='stack-trace' id='stack-trace423733503'><pre>java.lang.AssertionError: expected [chethan1] but found [chethan]
	at org.testng.Assert.fail(Assert.java:97)
	at org.testng.Assert.assertEqualsImpl(Assert.java:136)
	at org.testng.Assert.assertEquals(Assert.java:118)
	at org.testng.Assert.assertEquals(Assert.java:575)
	at org.testng.Assert.assertEquals(Assert.java:585)
	at testNG2.TestNGPriority.Navigating(TestNGPriority.java:27)
	at java.base/jdk.internal.reflect.NativeMethodAccessorImpl.invoke0(Native Method)
	at java.base/jdk.internal.reflect.NativeMethodAccessorImpl.invoke(NativeMethodAccessorImpl.java:62)
	at java.base/jdk.internal.reflect.DelegatingMethodAccessorImpl.invoke(DelegatingMethodAccessorImpl.java:43)
	at java.base/java.lang.reflect.Method.invoke(Method.java:567)
	at org.testng.internal.MethodInvocationHelper.invokeMethod(MethodInvocationHelper.java:135)
	at org.testng.internal.TestInvoker.invokeMethod(TestInvoker.java:598)
	at org.testng.internal.TestInvoker.invokeTestMethod(TestInvoker.java:174)
	at org.testng.internal.MethodRunner.runInSequence(MethodRunner.java:46)
	at org.testng.internal.TestInvoker$MethodInvocationAgent.invoke(TestInvoker.java:821)
	at org.testng.internal.TestInvoker.invokeTestMethods(TestInvoker.java:147)
	at org.testng.internal.TestMethodWorker.invokeTestMethods(TestMethodWorker.java:146)
	at org.testng.internal.TestMethodWorker.run(TestMethodWorker.java:128)
	at java.base/java.util.ArrayList.forEach(ArrayList.java:1507)
	at org.testng.TestRunner.privateRun(TestRunner.java:767)
	at org.testng.TestRunner.run(TestRunner.java:588)
	at org.testng.SuiteRunner.runTest(SuiteRunner.java:384)
	at org.testng.SuiteRunner.runSequentially(SuiteRunner.java:378)
	at org.testng.SuiteRunner.privateRun(SuiteRunner.java:337)
	at org.testng.SuiteRunner.run(SuiteRunner.java:286)
	at org.testng.SuiteRunnerWorker.runSuite(SuiteRunnerWorker.java:53)
	at org.testng.SuiteRunnerWorker.run(SuiteRunnerWorker.java:96)
	at org.testng.TestNG.runSuitesSequentially(TestNG.java:1214)
	at org.testng.TestNG.runSuitesLocally(TestNG.java:1136)
	at org.testng.TestNG.runSuites(TestNG.java:1066)
	at org.testng.TestNG.run(TestNG.java:1034)
	at org.testng.remote.AbstractRemoteTestNG.run(AbstractRemoteTestNG.java:115)
	at org.testng.remote.RemoteTestNG.initAndRun(RemoteTestNG.java:251)
	at org.testng.remote.RemoteTestNG.main(RemoteTestNG.java:77)
</pre></div></td>
<td>0</td>
<td>testNG2.TestNGPriority@56a6d5a6</td></tr>
<tr>
<td title='testNG2.ReportingTest.logout()'><b>logout</b><br>Test class: testNG2.ReportingTest</td>
<td><div><pre>java.lang.AssertionError: expected [test1] but found [test]
	at testNG2.ReportingTest.logout(ReportingTest.java:17)
	at java.base/java.util.ArrayList.forEach(ArrayList.java:1507)
... Removed 31 stack frames</pre></div><a href='#' onClick='toggleBox("stack-trace210506412", this, "Click to show all stack frames", "Click to hide stack frames")'>Click to show all stack frames</a>
<div class='stack-trace' id='stack-trace210506412'><pre>java.lang.AssertionError: expected [test1] but found [test]
	at org.testng.Assert.fail(Assert.java:97)
	at org.testng.Assert.failNotSame(Assert.java:964)
	at org.testng.Assert.assertSame(Assert.java:913)
	at org.testng.Assert.assertSame(Assert.java:923)
	at testNG2.ReportingTest.logout(ReportingTest.java:17)
	at java.base/jdk.internal.reflect.NativeMethodAccessorImpl.invoke0(Native Method)
	at java.base/jdk.internal.reflect.NativeMethodAccessorImpl.invoke(NativeMethodAccessorImpl.java:62)
	at java.base/jdk.internal.reflect.DelegatingMethodAccessorImpl.invoke(DelegatingMethodAccessorImpl.java:43)
	at java.base/java.lang.reflect.Method.invoke(Method.java:567)
	at org.testng.internal.MethodInvocationHelper.invokeMethod(MethodInvocationHelper.java:135)
	at org.testng.internal.TestInvoker.invokeMethod(TestInvoker.java:598)
	at org.testng.internal.TestInvoker.invokeTestMethod(TestInvoker.java:174)
	at org.testng.internal.MethodRunner.runInSequence(MethodRunner.java:46)
	at org.testng.internal.TestInvoker$MethodInvocationAgent.invoke(TestInvoker.java:821)
	at org.testng.internal.TestInvoker.invokeTestMethods(TestInvoker.java:147)
	at org.testng.internal.TestMethodWorker.invokeTestMethods(TestMethodWorker.java:146)
	at org.testng.internal.TestMethodWorker.run(TestMethodWorker.java:128)
	at java.base/java.util.ArrayList.forEach(ArrayList.java:1507)
	at org.testng.TestRunner.privateRun(TestRunner.java:767)
	at org.testng.TestRunner.run(TestRunner.java:588)
	at org.testng.SuiteRunner.runTest(SuiteRunner.java:384)
	at org.testng.SuiteRunner.runSequentially(SuiteRunner.java:378)
	at org.testng.SuiteRunner.privateRun(SuiteRunner.java:337)
	at org.testng.SuiteRunner.run(SuiteRunner.java:286)
	at org.testng.SuiteRunnerWorker.runSuite(SuiteRunnerWorker.java:53)
	at org.testng.SuiteRunnerWorker.run(SuiteRunnerWorker.java:96)
	at org.testng.TestNG.runSuitesSequentially(TestNG.java:1214)
	at org.testng.TestNG.runSuitesLocally(TestNG.java:1136)
	at org.testng.TestNG.runSuites(TestNG.java:1066)
	at org.testng.TestNG.run(TestNG.java:1034)
	at org.testng.remote.AbstractRemoteTestNG.run(AbstractRemoteTestNG.java:115)
	at org.testng.remote.RemoteTestNG.initAndRun(RemoteTestNG.java:251)
	at org.testng.remote.RemoteTestNG.main(RemoteTestNG.java:77)
</pre></div></td>
<td>0</td>
<td>testNG2.ReportingTest@229d10bd</td></tr>
</table><p>
<table width='100%' border='1' class='invocation-passed'>
<tr><td colspan='4' align='center'><b>PASSED TESTS</b></td></tr>
<tr><td><b>Test method</b></td>
<td width="30%"><b>Exception</b></td>
<td width="10%"><b>Time (seconds)</b></td>
<td><b>Instance</b></td>
</tr>
<tr>
<td title='testNG2.TestNGDataProviders.Login()'><b>Login</b><br>Test class: testNG2.TestNGDataProviders<br>Parameters: rahul@g ail, rahul1</td>
<td></td>
<td>0</td>
<td>testNG2.TestNGDataProviders@47542153</td></tr>
<tr>
<td title='testNG2.TestNGDataProviders.Login()'><b>Login</b><br>Test class: testNG2.TestNGDataProviders<br>Parameters: rahuls, rahul5436 </td>
<td></td>
<td>0</td>
<td>testNG2.TestNGDataProviders@47542153</td></tr>
<tr>
<td title='testNG2.TestNGDataProviders.Login()'><b>Login</b><br>Test class: testNG2.TestNGDataProviders<br>Parameters: rahulff, rahulf5313</td>
<td></td>
<td>0</td>
<td>testNG2.TestNGDataProviders@47542153</td></tr>
<tr>
<td title='testNG2.TestNGPriority.Login()'><b>Login</b><br>Test class: testNG2.TestNGPriority</td>
<td></td>
<td>0</td>
<td>testNG2.TestNGPriority@56a6d5a6</td></tr>
<tr>
<td title='testNG2.Listners.LoginFacebook()'><b>LoginFacebook</b><br>Test class: testNG2.Listners</td>
<td></td>
<td>0</td>
<td>testNG2.Listners@7a4ccb53</td></tr>
<tr>
<td title='testNG2.TestNGGrouping.feature1()'><b>feature1</b><br>Test class: testNG2.TestNGGrouping</td>
<td></td>
<td>0</td>
<td>testNG2.TestNGGrouping@309e345f</td></tr>
<tr>
<td title='testNG2.TestNGGrouping.feature2()'><b>feature2</b><br>Test class: testNG2.TestNGGrouping</td>
<td></td>
<td>0</td>
<td>testNG2.TestNGGrouping@309e345f</td></tr>
<tr>
<td title='testNG2.TestNGGrouping.feature3()'><b>feature3</b><br>Test class: testNG2.TestNGGrouping</td>
<td></td>
<td>0</td>
<td>testNG2.TestNGGrouping@309e345f</td></tr>
<tr>
<td title='testNG2.ReportingTest.login()'><b>login</b><br>Test class: testNG2.ReportingTest</td>
<td></td>
<td>0</td>
<td>testNG2.ReportingTest@229d10bd</td></tr>
<tr>
<td title='testNG2.Listners.loginEmail()'><b>loginEmail</b><br>Test class: testNG2.Listners</td>
<td></td>
<td>0</td>
<td>testNG2.Listners@7a4ccb53</td></tr>
<tr>
<td title='testNG2.LoginTest.loginviaEmail()'><b>loginviaEmail</b><br>Test class: testNG2.LoginTest</td>
<td></td>
<td>0</td>
<td>testNG2.LoginTest@18ce0030</td></tr>
<tr>
<td title='testNG2.LoginTest.loginviaFacebook()'><b>loginviaFacebook</b><br>Test class: testNG2.LoginTest</td>
<td></td>
<td>0</td>
<td>testNG2.LoginTest@18ce0030</td></tr>
<tr>
<td title='testNG2.LoginTest.loginviaTwitter()'><b>loginviaTwitter</b><br>Test class: testNG2.LoginTest</td>
<td></td>
<td>0</td>
<td>testNG2.LoginTest@18ce0030</td></tr>
<tr>
<td title='testNG2.PayementTest.paymentinDoller()'><b>paymentinDoller</b><br>Test class: testNG2.PayementTest</td>
<td></td>
<td>0</td>
<td>testNG2.PayementTest@33afa13b</td></tr>
<tr>
<td title='testNG2.PayementTest.paymentinEuro()'><b>paymentinEuro</b><br>Test class: testNG2.PayementTest</td>
<td></td>
<td>0</td>
<td>testNG2.PayementTest@33afa13b</td></tr>
<tr>
<td title='testNG2.PayementTest.paymentinRupee()'><b>paymentinRupee</b><br>Test class: testNG2.PayementTest</td>
<td></td>
<td>0</td>
<td>testNG2.PayementTest@33afa13b</td></tr>
<tr>
<td title='testNG2.PayementReturn.paymentreturnedByBank()'><b>paymentreturnedByBank</b><br>Test class: testNG2.PayementReturn</td>
<td></td>
<td>0</td>
<td>testNG2.PayementReturn@2ddc8ecb</td></tr>
<tr>
<td title='testNG2.TestNGDataProviders.registerUser()'><b>registerUser</b><br>Test class: testNG2.TestNGDataProviders<br>Parameters: rahul, r, rahul@g ail, rahul1</td>
<td></td>
<td>0</td>
<td>testNG2.TestNGDataProviders@47542153</td></tr>
<tr>
<td title='testNG2.TestNGDataProviders.registerUser()'><b>registerUser</b><br>Test class: testNG2.TestNGDataProviders<br>Parameters: rahul, rahul11d, rahuls, rahul5436 </td>
<td></td>
<td>0</td>
<td>testNG2.TestNGDataProviders@47542153</td></tr>
<tr>
<td title='testNG2.TestNGDataProviders.registerUser()'><b>registerUser</b><br>Test class: testNG2.TestNGDataProviders<br>Parameters: rahuldff, rahulff, rahulff, rahulf5313</td>
<td></td>
<td>0</td>
<td>testNG2.TestNGDataProviders@47542153</td></tr>
<tr>
<td title='testNG2.SingUpTest.singupviaEmail()'><b>singupviaEmail</b><br>Test class: testNG2.SingUpTest</td>
<td></td>
<td>0</td>
<td>testNG2.SingUpTest@6973bf95</td></tr>
<tr>
<td title='testNG2.SingUpTest.singupviaFacebook()'><b>singupviaFacebook</b><br>Test class: testNG2.SingUpTest</td>
<td></td>
<td>0</td>
<td>testNG2.SingUpTest@6973bf95</td></tr>
<tr>
<td title='testNG2.SingUpTest.singupviaTwitter()'><b>singupviaTwitter</b><br>Test class: testNG2.SingUpTest</td>
<td></td>
<td>0</td>
<td>testNG2.SingUpTest@6973bf95</td></tr>
</table><p>
<table width='100%' border='1' class='invocation-skipped'>
<tr><td colspan='4' align='center'><b>SKIPPED TESTS</b></td></tr>
<tr><td><b>Test method</b></td>
<td width="30%"><b>Exception</b></td>
<td width="10%"><b>Time (seconds)</b></td>
<td><b>Instance</b></td>
</tr>
<tr>
<td title='testNG2.TestNGPriority.Logout()'><b>Logout</b><br>Test class: testNG2.TestNGPriority</td>
<td><div><pre>java.lang.Throwable: Method TestNGPriority.Logout()[pri:0, instance:testNG2.TestNGPriority@56a6d5a6] depends on not successfully finished methods
	at java.base/java.util.ArrayList.forEach(ArrayList.java:1507)
... Removed 18 stack frames</pre></div><a href='#' onClick='toggleBox("stack-trace345887595", this, "Click to show all stack frames", "Click to hide stack frames")'>Click to show all stack frames</a>
<div class='stack-trace' id='stack-trace345887595'><pre>java.lang.Throwable: Method TestNGPriority.Logout()[pri:0, instance:testNG2.TestNGPriority@56a6d5a6] depends on not successfully finished methods
	at org.testng.internal.TestInvoker.invokeTestMethods(TestInvoker.java:102)
	at org.testng.internal.TestMethodWorker.invokeTestMethods(TestMethodWorker.java:146)
	at org.testng.internal.TestMethodWorker.run(TestMethodWorker.java:128)
	at java.base/java.util.ArrayList.forEach(ArrayList.java:1507)
	at org.testng.TestRunner.privateRun(TestRunner.java:767)
	at org.testng.TestRunner.run(TestRunner.java:588)
	at org.testng.SuiteRunner.runTest(SuiteRunner.java:384)
	at org.testng.SuiteRunner.runSequentially(SuiteRunner.java:378)
	at org.testng.SuiteRunner.privateRun(SuiteRunner.java:337)
	at org.testng.SuiteRunner.run(SuiteRunner.java:286)
	at org.testng.SuiteRunnerWorker.runSuite(SuiteRunnerWorker.java:53)
	at org.testng.SuiteRunnerWorker.run(SuiteRunnerWorker.java:96)
	at org.testng.TestNG.runSuitesSequentially(TestNG.java:1214)
	at org.testng.TestNG.runSuitesLocally(TestNG.java:1136)
	at org.testng.TestNG.runSuites(TestNG.java:1066)
	at org.testng.TestNG.run(TestNG.java:1034)
	at org.testng.remote.AbstractRemoteTestNG.run(AbstractRemoteTestNG.java:115)
	at org.testng.remote.RemoteTestNG.initAndRun(RemoteTestNG.java:251)
	at org.testng.remote.RemoteTestNG.main(RemoteTestNG.java:77)
</pre></div></td>
<td>0</td>
<td>testNG2.TestNGPriority@56a6d5a6</td></tr>
</table><p>
</body>
</html>