<?xml version="1.0" encoding="UTF-8"?>
<!-- Generated by org.testng.reporters.JUnitXMLReporter -->
<testsuite ignored="0" hostname="LAPTOP-VTJS6APB" failures="1" tests="14" name="Testrunner1" time="0.234" errors="0" timestamp="2020-06-03T17:46:41 IST">
  <testcase classname="testNG2.TestNGGrouping" name="feature1" time="0.017"/>
  <testcase classname="testNG2.TestNGGrouping" name="feature2" time="0.012"/>
  <testcase classname="testNG2.TestNGGrouping" name="feature3" time="0.003"/>
  <testcase classname="testNG2.LoginTest" name="loginviaEmail" time="0.01"/>
  <testcase classname="testNG2.LoginTest" name="loginviaFacebook" time="0.006"/>
  <testcase classname="testNG2.LoginTest" name="loginviaTwitter" time="0.006"/>
  <testcase classname="testNG2.PayementTest" name="paymentinDoller" time="0.002"/>
  <testcase classname="testNG2.PayementTest" name="paymentinEuro" time="0.003"/>
  <testcase classname="testNG2.PayementTest" name="paymentinRupee" time="0.002"/>
  <testcase classname="testNG2.TestNGPriority" name="Login" time="0.003"/>
  <testcase classname="testNG2.TestNGPriority" name="Navigating" time="0.002">
    <failure type="java.lang.AssertionError" message="expected [chethan1] but found [chethan]">
      <![CDATA[java.lang.AssertionError: expected [chethan1] but found [chethan]
at testNG2.TestNGPriority.Navigating(TestNGPriority.java:27)
at java.base/java.util.ArrayList.forEach(ArrayList.java:1507)
at java.base/java.util.concurrent.FutureTask.run(FutureTask.java:264)
at java.base/java.util.concurrent.ThreadPoolExecutor.runWorker(ThreadPoolExecutor.java:1128)
at java.base/java.util.concurrent.ThreadPoolExecutor$Worker.run(ThreadPoolExecutor.java:628)
at java.base/java.lang.Thread.run(Thread.java:830)
... Removed 23 stack frames]]>
    </failure>
  </testcase> <!-- Navigating -->
  <testcase classname="testNG2.TestNGPriority" name="Logout" time="0.001">
    <skipped/>
  </testcase> <!-- Logout -->
  <testcase classname="testNG2.Listners" name="loginEmail" time="0.004"/>
  <testcase classname="testNG2.Listners" name="LoginFacebook" time="0.001"/>
</testsuite> <!-- Testrunner1 -->
