<?xml version="1.0" encoding="UTF-8"?>
<!-- Generated by org.testng.reporters.JUnitXMLReporter -->
<testsuite ignored="0" hostname="LAPTOP-VTJS6APB" failures="2" tests="26" name="Test" time="2.509" errors="0" timestamp="2020-06-01T19:09:34 IST">
  <testcase classname="testNG2.SingUpTest" name="singupviaEmail" time="0.038"/>
  <testcase classname="testNG2.SingUpTest" name="singupviaFacebook" time="0.009"/>
  <testcase classname="testNG2.SingUpTest" name="singupviaTwitter" time="0.002"/>
  <testcase classname="testNG2.PayementReturn" name="paymentreturnedByBank" time="0.002"/>
  <testcase classname="testNG2.ReportingTest" name="login" time="0.005"/>
  <testcase classname="testNG2.ReportingTest" name="logout" time="0.018">
    <failure type="java.lang.AssertionError" message="expected [test1] but found [test]">
      <![CDATA[java.lang.AssertionError: expected [test1] but found [test]
at testNG2.ReportingTest.logout(ReportingTest.java:17)
at java.base/java.util.ArrayList.forEach(ArrayList.java:1507)
... Removed 31 stack frames]]>
    </failure>
  </testcase> <!-- logout -->
  <testcase classname="testNG2.TestNGDataProviders" name="registerUser" time="0.002"/>
  <testcase classname="testNG2.TestNGDataProviders" name="registerUser" time="0.002"/>
  <testcase classname="testNG2.TestNGDataProviders" name="registerUser" time="0.004"/>
  <testcase classname="testNG2.TestNGDataProviders" name="Login" time="0.002"/>
  <testcase classname="testNG2.TestNGDataProviders" name="Login" time="0.004"/>
  <testcase classname="testNG2.TestNGDataProviders" name="Login" time="0.002"/>
  <testcase classname="testNG2.PayementTest" name="paymentinDoller" time="0.003"/>
  <testcase classname="testNG2.PayementTest" name="paymentinEuro" time="0.007"/>
  <testcase classname="testNG2.PayementTest" name="paymentinRupee" time="0.004"/>
  <testcase classname="testNG2.Listners" name="loginEmail" time="0.002"/>
  <testcase classname="testNG2.Listners" name="LoginFacebook" time="0.001"/>
  <testcase classname="testNG2.TestNGGrouping" name="feature1" time="0.002"/>
  <testcase classname="testNG2.TestNGGrouping" name="feature2" time="0.001"/>
  <testcase classname="testNG2.TestNGGrouping" name="feature3" time="0.002"/>
  <testcase classname="testNG2.TestNGPriority" name="Login" time="0.001"/>
  <testcase classname="testNG2.TestNGPriority" name="Navigating" time="0.008">
    <failure type="java.lang.AssertionError" message="expected [chethan1] but found [chethan]">
      <![CDATA[java.lang.AssertionError: expected [chethan1] but found [chethan]
at testNG2.TestNGPriority.Navigating(TestNGPriority.java:27)
at java.base/java.util.ArrayList.forEach(ArrayList.java:1507)
... Removed 32 stack frames]]>
    </failure>
  </testcase> <!-- Navigating -->
  <testcase classname="testNG2.TestNGPriority" name="Logout" time="0.001">
    <skipped/>
  </testcase> <!-- Logout -->
  <testcase classname="testNG2.LoginTest" name="loginviaEmail" time="0.005"/>
  <testcase classname="testNG2.LoginTest" name="loginviaFacebook" time="0.001"/>
  <testcase classname="testNG2.LoginTest" name="loginviaTwitter" time="0.002"/>
</testsuite> <!-- Test -->
